<?xml version="1.0" encoding="UTF-8"?>
<testsuite xmlns:xsi="http://www.w3.org/2001/XMLSchema-instance" xsi:noNamespaceSchemaLocation="https://maven.apache.org/surefire/maven-surefire-plugin/xsd/surefire-test-report.xsd" name="br.com.adaApi.api.security.controller.AuthenticationRestControllerTest" time="4.855" tests="3" errors="0" skipped="0" failures="0">
  <properties>
[...]
</properties>
  <testcase name="successfulAuthenticationWithAnonymousUser" classname="br.com.adaApi.api.security.controller.AuthenticationRestControllerTest" time="0.439"/>
  <testcase name="successfulGetTokenAdminRole" classname="br.com.adaApi.api.security.controller.AuthenticationRestControllerTest" time="0.277"/>
  <testcase name="successfulRefreshTokenWithAdminRole" classname="br.com.adaApi.api.security.controller.AuthenticationRestControllerTest" time="0.018"/>
</testsuite>